<?xml version="1.0" encoding="utf-8"?><testsuites name="pytest tests"><testsuite name="pytest" errors="0" failures="0" skipped="0" tests="12" time="5.632" timestamp="2026-04-21T14:56:18.677313+00:00" hostname="agent-env-873db67f-78c9-4aef-b057-87887d015b40"><testcase classname="backend.tests.test_api.TestAuth" name="test_login_invalid" time="0.503" /><testcase classname="backend.tests.test_api.TestAuth" name="test_me" time="0.522" /><testcase classname="backend.tests.test_api.TestAuth" name="test_me_no_token" time="0.117" /><testcase classname="backend.tests.test_api.TestAuth" name="test_invite_invalid_token" time="0.137" /><testcase classname="backend.tests.test_api.TestCalendars" name="test_list_has_seeds" time="0.113" /><testcase classname="backend.tests.test_api.TestCalendars" name="test_member_cannot_create" time="0.865" /><testcase classname="backend.tests.test_api.TestCalendars" name="test_admin_crud" time="0.612" /><testcase classname="backend.tests.test_api.TestInvitesRBAC" name="test_member_cannot_invite" time="0.109" /><testcase classname="backend.tests.test_api.TestInvitesRBAC" name="test_member_cannot_manual_book" time="0.218" /><testcase classname="backend.tests.test_api.TestInvitesRBAC" name="test_member_registered" time="0.000" /><testcase classname="backend.tests.test_api.TestBookings" name="test_full_flow" time="1.578" /><testcase classname="backend.tests.test_api.TestNotifications" name="test_notifications_and_read_all" time="0.687" /></testsuite></testsuites>